<?xml version="1.0" encoding="UTF-8"?>
<!-- Generated by org.testng.reporters.JUnitReportReporter -->
<testsuite skipped="0" hostname="FEC122-QA-IN" name="TestCases.MTestCase" tests="2" failures="0" timestamp="27 Jan 2022 20:02:24 GMT" time="28.214" errors="0">
  <testcase name="verifyMidTransPillowAddedToCartWith20000" time="19.234" classname="TestCases.MTestCase"/>
  <testcase name="verifyClickOnBuyNowRedirectToCheckOutPage" time="8.980" classname="TestCases.MTestCase"/>
</testsuite> <!-- TestCases.MTestCase -->
