<?xml version="1.0" encoding="UTF-8"?>
<!-- Generated by org.testng.reporters.JUnitReportReporter -->
<testsuite skipped="0" hostname="FEC122-QE-IN-ThinkPad-L14-Gen-1" name="TestCases.MTestCase" tests="4" failures="0" timestamp="10 Jul 2022 07:17:56 GMT" time="9.084" errors="0">
  <testcase name="verifyMidTransPillowAddedToCartWith20000" time="2.584" classname="TestCases.MTestCase"/>
  <testcase name="verifyClickOnBuyNowRedirectToCheckOutPage" time="1.649" classname="TestCases.MTestCase"/>
  <testcase name="verifyCheckOutDetails" time="1.838" classname="TestCases.MTestCase"/>
  <testcase name="verifyNameEmailPhoneCityAddressPostalCodeFieldsAreEditable" time="3.013" classname="TestCases.MTestCase"/>
</testsuite> <!-- TestCases.MTestCase -->
