<?xml version="1.0" encoding="UTF-8"?>
<!-- Generated by org.testng.reporters.JUnitReportReporter -->
<testsuite skipped="0" hostname="FEC122-QA-IN" name="TestCases.MobileTest" tests="1" failures="0" timestamp="24 Feb 2022 00:02:21 GMT" time="15.562" errors="0">
  <testcase name="openCalculator" time="15.562" classname="TestCases.MobileTest"/>
</testsuite> <!-- TestCases.MobileTest -->
